2020-01-13 23:47:28,397 - SimpleLog4JLogSystem initialized using logfile 'velocity.log'
2020-01-13 23:47:28,398 - ************************************************************** 
2020-01-13 23:47:28,398 - Starting Jakarta Velocity v1.4
2020-01-13 23:47:28,398 - RuntimeInstance initializing.
2020-01-13 23:47:28,398 - Default Properties File: org\apache\velocity\runtime\defaults\velocity.properties
2020-01-13 23:47:28,398 - Trying to use logger class org.apache.velocity.runtime.log.SimpleLog4JLogSystem
2020-01-13 23:47:28,398 - Using logger class org.apache.velocity.runtime.log.SimpleLog4JLogSystem
2020-01-13 23:47:28,409 - Default ResourceManager initializing. (class org.apache.velocity.runtime.resource.ResourceManagerImpl)
2020-01-13 23:47:28,421 - Resource Loader Instantiated: org.apache.velocity.runtime.resource.loader.ClasspathResourceLoader
2020-01-13 23:47:28,421 - ClasspathResourceLoader : initialization starting.
2020-01-13 23:47:28,421 - ClasspathResourceLoader : initialization complete.
2020-01-13 23:47:28,431 - ResourceCache : initialized. (class org.apache.velocity.runtime.resource.ResourceCacheImpl)
2020-01-13 23:47:28,431 - Default ResourceManager initialization complete.
2020-01-13 23:47:28,444 - Loaded System Directive: org.apache.velocity.runtime.directive.Literal
2020-01-13 23:47:28,454 - Loaded System Directive: org.apache.velocity.runtime.directive.Macro
2020-01-13 23:47:28,468 - Loaded System Directive: org.apache.velocity.runtime.directive.Parse
2020-01-13 23:47:28,474 - Loaded System Directive: org.apache.velocity.runtime.directive.Include
2020-01-13 23:47:28,477 - Loaded System Directive: org.apache.velocity.runtime.directive.Foreach
2020-01-13 23:47:28,546 - Created: 20 parsers.
2020-01-13 23:47:28,575 - Velocimacro : initialization starting.
2020-01-13 23:47:28,575 - Velocimacro : adding VMs from VM library template : VM_global_library.vm
2020-01-13 23:47:28,604 - ResourceManager : unable to find resource 'VM_global_library.vm' in any resource loader.
2020-01-13 23:47:28,604 - Velocimacro : error using  VM library template VM_global_library.vm : org.apache.velocity.exception.ResourceNotFoundException: Unable to find resource 'VM_global_library.vm'
2020-01-13 23:47:28,604 - Velocimacro :  VM library template macro registration complete.
2020-01-13 23:47:28,604 - Velocimacro : allowInline = true : VMs can be defined inline in templates
2020-01-13 23:47:28,604 - Velocimacro : allowInlineToOverride = false : VMs defined inline may NOT replace previous VM definitions
2020-01-13 23:47:28,605 - Velocimacro : allowInlineLocal = false : VMs defined inline will be  global in scope if allowed.
2020-01-13 23:47:28,605 - Velocimacro : messages on  : VM system will output logging messages
2020-01-13 23:47:28,605 - Velocimacro : autoload off  : VM system will not automatically reload global library macros
2020-01-13 23:47:28,605 - Velocimacro : initialization complete.
2020-01-13 23:47:28,605 - Velocity successfully started.
2020-01-13 23:49:26,561 - ResourceManager : found repast/simphony/scenario/Scenario.vt with loader org.apache.velocity.runtime.resource.loader.ClasspathResourceLoader
2020-01-13 23:55:23,686 - SimpleLog4JLogSystem initialized using logfile 'velocity.log'
2020-01-13 23:55:23,686 - ************************************************************** 
2020-01-13 23:55:23,686 - Starting Jakarta Velocity v1.4
2020-01-13 23:55:23,686 - RuntimeInstance initializing.
2020-01-13 23:55:23,686 - Default Properties File: org\apache\velocity\runtime\defaults\velocity.properties
2020-01-13 23:55:23,686 - Trying to use logger class org.apache.velocity.runtime.log.SimpleLog4JLogSystem
2020-01-13 23:55:23,686 - Using logger class org.apache.velocity.runtime.log.SimpleLog4JLogSystem
2020-01-13 23:55:23,702 - Default ResourceManager initializing. (class org.apache.velocity.runtime.resource.ResourceManagerImpl)
2020-01-13 23:55:23,716 - Resource Loader Instantiated: org.apache.velocity.runtime.resource.loader.ClasspathResourceLoader
2020-01-13 23:55:23,717 - ClasspathResourceLoader : initialization starting.
2020-01-13 23:55:23,717 - ClasspathResourceLoader : initialization complete.
2020-01-13 23:55:23,727 - ResourceCache : initialized. (class org.apache.velocity.runtime.resource.ResourceCacheImpl)
2020-01-13 23:55:23,727 - Default ResourceManager initialization complete.
2020-01-13 23:55:23,741 - Loaded System Directive: org.apache.velocity.runtime.directive.Literal
2020-01-13 23:55:23,750 - Loaded System Directive: org.apache.velocity.runtime.directive.Macro
2020-01-13 23:55:23,766 - Loaded System Directive: org.apache.velocity.runtime.directive.Parse
2020-01-13 23:55:23,774 - Loaded System Directive: org.apache.velocity.runtime.directive.Include
2020-01-13 23:55:23,777 - Loaded System Directive: org.apache.velocity.runtime.directive.Foreach
2020-01-13 23:55:23,855 - Created: 20 parsers.
2020-01-13 23:55:23,887 - Velocimacro : initialization starting.
2020-01-13 23:55:23,887 - Velocimacro : adding VMs from VM library template : VM_global_library.vm
2020-01-13 23:55:23,918 - ResourceManager : unable to find resource 'VM_global_library.vm' in any resource loader.
2020-01-13 23:55:23,918 - Velocimacro : error using  VM library template VM_global_library.vm : org.apache.velocity.exception.ResourceNotFoundException: Unable to find resource 'VM_global_library.vm'
2020-01-13 23:55:23,918 - Velocimacro :  VM library template macro registration complete.
2020-01-13 23:55:23,918 - Velocimacro : allowInline = true : VMs can be defined inline in templates
2020-01-13 23:55:23,918 - Velocimacro : allowInlineToOverride = false : VMs defined inline may NOT replace previous VM definitions
2020-01-13 23:55:23,918 - Velocimacro : allowInlineLocal = false : VMs defined inline will be  global in scope if allowed.
2020-01-13 23:55:23,918 - Velocimacro : messages on  : VM system will output logging messages
2020-01-13 23:55:23,918 - Velocimacro : autoload off  : VM system will not automatically reload global library macros
2020-01-13 23:55:23,918 - Velocimacro : initialization complete.
2020-01-13 23:55:23,918 - Velocity successfully started.
2020-01-14 00:00:19,750 - ResourceManager : found repast/simphony/scenario/Scenario.vt with loader org.apache.velocity.runtime.resource.loader.ClasspathResourceLoader
2020-01-14 00:00:26,203 - ResourceManager : found repast/simphony/scenario/Scenario.vt with loader org.apache.velocity.runtime.resource.loader.ClasspathResourceLoader
2020-01-14 00:04:55,254 - ResourceManager : found repast/simphony/parameter/parameters.vt with loader org.apache.velocity.runtime.resource.loader.ClasspathResourceLoader
2020-01-14 00:05:02,084 - ResourceManager : found repast/simphony/scenario/Scenario.vt with loader org.apache.velocity.runtime.resource.loader.ClasspathResourceLoader
2020-01-14 00:06:03,662 - SimpleLog4JLogSystem initialized using logfile 'velocity.log'
2020-01-14 00:06:03,663 - ************************************************************** 
2020-01-14 00:06:03,663 - Starting Jakarta Velocity v1.4
2020-01-14 00:06:03,663 - RuntimeInstance initializing.
2020-01-14 00:06:03,663 - Default Properties File: org\apache\velocity\runtime\defaults\velocity.properties
2020-01-14 00:06:03,663 - Trying to use logger class org.apache.velocity.runtime.log.SimpleLog4JLogSystem
2020-01-14 00:06:03,663 - Using logger class org.apache.velocity.runtime.log.SimpleLog4JLogSystem
2020-01-14 00:06:03,674 - Default ResourceManager initializing. (class org.apache.velocity.runtime.resource.ResourceManagerImpl)
2020-01-14 00:06:03,683 - Resource Loader Instantiated: org.apache.velocity.runtime.resource.loader.ClasspathResourceLoader
2020-01-14 00:06:03,683 - ClasspathResourceLoader : initialization starting.
2020-01-14 00:06:03,683 - ClasspathResourceLoader : initialization complete.
2020-01-14 00:06:03,689 - ResourceCache : initialized. (class org.apache.velocity.runtime.resource.ResourceCacheImpl)
2020-01-14 00:06:03,689 - Default ResourceManager initialization complete.
2020-01-14 00:06:03,700 - Loaded System Directive: org.apache.velocity.runtime.directive.Literal
2020-01-14 00:06:03,709 - Loaded System Directive: org.apache.velocity.runtime.directive.Macro
2020-01-14 00:06:03,725 - Loaded System Directive: org.apache.velocity.runtime.directive.Parse
2020-01-14 00:06:03,731 - Loaded System Directive: org.apache.velocity.runtime.directive.Include
2020-01-14 00:06:03,734 - Loaded System Directive: org.apache.velocity.runtime.directive.Foreach
2020-01-14 00:06:03,795 - Created: 20 parsers.
2020-01-14 00:06:03,823 - Velocimacro : initialization starting.
2020-01-14 00:06:03,824 - Velocimacro : adding VMs from VM library template : VM_global_library.vm
2020-01-14 00:06:03,855 - ResourceManager : unable to find resource 'VM_global_library.vm' in any resource loader.
2020-01-14 00:06:03,856 - Velocimacro : error using  VM library template VM_global_library.vm : org.apache.velocity.exception.ResourceNotFoundException: Unable to find resource 'VM_global_library.vm'
2020-01-14 00:06:03,856 - Velocimacro :  VM library template macro registration complete.
2020-01-14 00:06:03,856 - Velocimacro : allowInline = true : VMs can be defined inline in templates
2020-01-14 00:06:03,856 - Velocimacro : allowInlineToOverride = false : VMs defined inline may NOT replace previous VM definitions
2020-01-14 00:06:03,856 - Velocimacro : allowInlineLocal = false : VMs defined inline will be  global in scope if allowed.
2020-01-14 00:06:03,856 - Velocimacro : messages on  : VM system will output logging messages
2020-01-14 00:06:03,856 - Velocimacro : autoload off  : VM system will not automatically reload global library macros
2020-01-14 00:06:03,856 - Velocimacro : initialization complete.
2020-01-14 00:06:03,856 - Velocity successfully started.
2020-01-14 00:06:50,295 - ResourceManager : found repast/simphony/parameter/parameters.vt with loader org.apache.velocity.runtime.resource.loader.ClasspathResourceLoader
2020-01-14 00:06:55,221 - ResourceManager : found repast/simphony/scenario/Scenario.vt with loader org.apache.velocity.runtime.resource.loader.ClasspathResourceLoader
2020-01-14 00:07:12,631 - ResourceManager : found repast/simphony/parameter/parameters.vt with loader org.apache.velocity.runtime.resource.loader.ClasspathResourceLoader
2020-01-14 00:08:11,674 - ResourceManager : found repast/simphony/scenario/Scenario.vt with loader org.apache.velocity.runtime.resource.loader.ClasspathResourceLoader
2020-01-14 00:09:22,884 - ResourceManager : found repast/simphony/parameter/parameters.vt with loader org.apache.velocity.runtime.resource.loader.ClasspathResourceLoader
2020-01-14 00:10:42,413 - ResourceManager : found repast/simphony/scenario/Scenario.vt with loader org.apache.velocity.runtime.resource.loader.ClasspathResourceLoader
2020-01-14 00:11:26,223 - ResourceManager : found repast/simphony/scenario/Scenario.vt with loader org.apache.velocity.runtime.resource.loader.ClasspathResourceLoader
2020-01-14 00:11:28,489 - ResourceManager : found repast/simphony/scenario/Scenario.vt with loader org.apache.velocity.runtime.resource.loader.ClasspathResourceLoader
2020-01-14 16:55:38,908 - SimpleLog4JLogSystem initialized using logfile 'velocity.log'
2020-01-14 16:55:38,909 - ************************************************************** 
2020-01-14 16:55:38,909 - Starting Jakarta Velocity v1.4
2020-01-14 16:55:38,909 - RuntimeInstance initializing.
2020-01-14 16:55:38,909 - Default Properties File: org\apache\velocity\runtime\defaults\velocity.properties
2020-01-14 16:55:38,909 - Trying to use logger class org.apache.velocity.runtime.log.SimpleLog4JLogSystem
2020-01-14 16:55:38,909 - Using logger class org.apache.velocity.runtime.log.SimpleLog4JLogSystem
2020-01-14 16:55:38,956 - Default ResourceManager initializing. (class org.apache.velocity.runtime.resource.ResourceManagerImpl)
2020-01-14 16:55:38,972 - Resource Loader Instantiated: org.apache.velocity.runtime.resource.loader.ClasspathResourceLoader
2020-01-14 16:55:38,972 - ClasspathResourceLoader : initialization starting.
2020-01-14 16:55:38,972 - ClasspathResourceLoader : initialization complete.
2020-01-14 16:55:38,984 - ResourceCache : initialized. (class org.apache.velocity.runtime.resource.ResourceCacheImpl)
2020-01-14 16:55:38,984 - Default ResourceManager initialization complete.
2020-01-14 16:55:39,025 - Loaded System Directive: org.apache.velocity.runtime.directive.Literal
2020-01-14 16:55:39,040 - Loaded System Directive: org.apache.velocity.runtime.directive.Macro
2020-01-14 16:55:39,146 - Loaded System Directive: org.apache.velocity.runtime.directive.Parse
2020-01-14 16:55:39,158 - Loaded System Directive: org.apache.velocity.runtime.directive.Include
2020-01-14 16:55:39,164 - Loaded System Directive: org.apache.velocity.runtime.directive.Foreach
2020-01-14 16:55:39,268 - Created: 20 parsers.
2020-01-14 16:55:39,306 - Velocimacro : initialization starting.
2020-01-14 16:55:39,306 - Velocimacro : adding VMs from VM library template : VM_global_library.vm
2020-01-14 16:55:39,342 - ResourceManager : unable to find resource 'VM_global_library.vm' in any resource loader.
2020-01-14 16:55:39,342 - Velocimacro : error using  VM library template VM_global_library.vm : org.apache.velocity.exception.ResourceNotFoundException: Unable to find resource 'VM_global_library.vm'
2020-01-14 16:55:39,342 - Velocimacro :  VM library template macro registration complete.
2020-01-14 16:55:39,342 - Velocimacro : allowInline = true : VMs can be defined inline in templates
2020-01-14 16:55:39,342 - Velocimacro : allowInlineToOverride = false : VMs defined inline may NOT replace previous VM definitions
2020-01-14 16:55:39,342 - Velocimacro : allowInlineLocal = false : VMs defined inline will be  global in scope if allowed.
2020-01-14 16:55:39,343 - Velocimacro : messages on  : VM system will output logging messages
2020-01-14 16:55:39,343 - Velocimacro : autoload off  : VM system will not automatically reload global library macros
2020-01-14 16:55:39,343 - Velocimacro : initialization complete.
2020-01-14 16:55:39,343 - Velocity successfully started.
2020-01-15 14:41:45,777 - SimpleLog4JLogSystem initialized using logfile 'velocity.log'
2020-01-15 14:41:45,778 - ************************************************************** 
2020-01-15 14:41:45,778 - Starting Jakarta Velocity v1.4
2020-01-15 14:41:45,778 - RuntimeInstance initializing.
2020-01-15 14:41:45,778 - Default Properties File: org\apache\velocity\runtime\defaults\velocity.properties
2020-01-15 14:41:45,778 - Trying to use logger class org.apache.velocity.runtime.log.SimpleLog4JLogSystem
2020-01-15 14:41:45,778 - Using logger class org.apache.velocity.runtime.log.SimpleLog4JLogSystem
2020-01-15 14:41:45,794 - Default ResourceManager initializing. (class org.apache.velocity.runtime.resource.ResourceManagerImpl)
2020-01-15 14:41:45,810 - Resource Loader Instantiated: org.apache.velocity.runtime.resource.loader.ClasspathResourceLoader
2020-01-15 14:41:45,810 - ClasspathResourceLoader : initialization starting.
2020-01-15 14:41:45,810 - ClasspathResourceLoader : initialization complete.
2020-01-15 14:41:45,821 - ResourceCache : initialized. (class org.apache.velocity.runtime.resource.ResourceCacheImpl)
2020-01-15 14:41:45,821 - Default ResourceManager initialization complete.
2020-01-15 14:41:45,837 - Loaded System Directive: org.apache.velocity.runtime.directive.Literal
2020-01-15 14:41:45,849 - Loaded System Directive: org.apache.velocity.runtime.directive.Macro
2020-01-15 14:41:45,868 - Loaded System Directive: org.apache.velocity.runtime.directive.Parse
2020-01-15 14:41:45,878 - Loaded System Directive: org.apache.velocity.runtime.directive.Include
2020-01-15 14:41:45,884 - Loaded System Directive: org.apache.velocity.runtime.directive.Foreach
2020-01-15 14:41:45,988 - Created: 20 parsers.
2020-01-15 14:41:46,040 - Velocimacro : initialization starting.
2020-01-15 14:41:46,040 - Velocimacro : adding VMs from VM library template : VM_global_library.vm
2020-01-15 14:41:46,087 - ResourceManager : unable to find resource 'VM_global_library.vm' in any resource loader.
2020-01-15 14:41:46,087 - Velocimacro : error using  VM library template VM_global_library.vm : org.apache.velocity.exception.ResourceNotFoundException: Unable to find resource 'VM_global_library.vm'
2020-01-15 14:41:46,088 - Velocimacro :  VM library template macro registration complete.
2020-01-15 14:41:46,088 - Velocimacro : allowInline = true : VMs can be defined inline in templates
2020-01-15 14:41:46,088 - Velocimacro : allowInlineToOverride = false : VMs defined inline may NOT replace previous VM definitions
2020-01-15 14:41:46,088 - Velocimacro : allowInlineLocal = false : VMs defined inline will be  global in scope if allowed.
2020-01-15 14:41:46,088 - Velocimacro : messages on  : VM system will output logging messages
2020-01-15 14:41:46,088 - Velocimacro : autoload off  : VM system will not automatically reload global library macros
2020-01-15 14:41:46,088 - Velocimacro : initialization complete.
2020-01-15 14:41:46,088 - Velocity successfully started.
2020-01-15 14:42:14,479 - ResourceManager : found repast/simphony/parameter/parameters.vt with loader org.apache.velocity.runtime.resource.loader.ClasspathResourceLoader
2020-01-15 14:42:20,667 - ResourceManager : found repast/simphony/scenario/Scenario.vt with loader org.apache.velocity.runtime.resource.loader.ClasspathResourceLoader
2020-01-15 14:45:21,799 - ResourceManager : found repast/simphony/parameter/parameters.vt with loader org.apache.velocity.runtime.resource.loader.ClasspathResourceLoader
2020-01-15 14:46:12,737 - ResourceManager : found repast/simphony/scenario/Scenario.vt with loader org.apache.velocity.runtime.resource.loader.ClasspathResourceLoader
2020-01-15 14:46:39,221 - ResourceManager : found repast/simphony/scenario/Scenario.vt with loader org.apache.velocity.runtime.resource.loader.ClasspathResourceLoader
2020-01-15 14:55:21,963 - ResourceManager : found repast/simphony/parameter/parameters.vt with loader org.apache.velocity.runtime.resource.loader.ClasspathResourceLoader
2020-01-15 14:56:00,121 - ResourceManager : found repast/simphony/parameter/parameters.vt with loader org.apache.velocity.runtime.resource.loader.ClasspathResourceLoader
2020-01-15 14:56:17,796 - ResourceManager : found repast/simphony/parameter/parameters.vt with loader org.apache.velocity.runtime.resource.loader.ClasspathResourceLoader
2020-01-15 14:57:00,209 - ResourceManager : found repast/simphony/parameter/parameters.vt with loader org.apache.velocity.runtime.resource.loader.ClasspathResourceLoader
2020-01-15 14:57:22,792 - ResourceManager : found repast/simphony/parameter/parameters.vt with loader org.apache.velocity.runtime.resource.loader.ClasspathResourceLoader
2020-01-15 14:59:42,199 - ResourceManager : found repast/simphony/parameter/parameters.vt with loader org.apache.velocity.runtime.resource.loader.ClasspathResourceLoader
2020-01-15 14:59:54,835 - ResourceManager : found repast/simphony/parameter/parameters.vt with loader org.apache.velocity.runtime.resource.loader.ClasspathResourceLoader
2020-01-15 15:01:31,584 - ResourceManager : found repast/simphony/parameter/parameters.vt with loader org.apache.velocity.runtime.resource.loader.ClasspathResourceLoader
2020-01-15 15:01:51,786 - ResourceManager : found repast/simphony/parameter/parameters.vt with loader org.apache.velocity.runtime.resource.loader.ClasspathResourceLoader
2020-01-15 15:03:15,830 - ResourceManager : found repast/simphony/scenario/Scenario.vt with loader org.apache.velocity.runtime.resource.loader.ClasspathResourceLoader
2020-01-15 15:04:10,923 - ResourceManager : found repast/simphony/scenario/Scenario.vt with loader org.apache.velocity.runtime.resource.loader.ClasspathResourceLoader
2020-01-15 15:04:12,330 - ResourceManager : found repast/simphony/scenario/Scenario.vt with loader org.apache.velocity.runtime.resource.loader.ClasspathResourceLoader
2020-01-15 15:04:13,116 - ResourceManager : found repast/simphony/scenario/Scenario.vt with loader org.apache.velocity.runtime.resource.loader.ClasspathResourceLoader
2020-01-15 15:04:19,898 - ResourceManager : found repast/simphony/parameter/parameters.vt with loader org.apache.velocity.runtime.resource.loader.ClasspathResourceLoader
2020-01-15 15:04:21,511 - ResourceManager : found repast/simphony/scenario/Scenario.vt with loader org.apache.velocity.runtime.resource.loader.ClasspathResourceLoader
2020-01-15 15:05:49,002 - SimpleLog4JLogSystem initialized using logfile 'velocity.log'
2020-01-15 15:05:49,002 - ************************************************************** 
2020-01-15 15:05:49,002 - Starting Jakarta Velocity v1.4
2020-01-15 15:05:49,002 - RuntimeInstance initializing.
2020-01-15 15:05:49,002 - Default Properties File: org\apache\velocity\runtime\defaults\velocity.properties
2020-01-15 15:05:49,002 - Trying to use logger class org.apache.velocity.runtime.log.SimpleLog4JLogSystem
2020-01-15 15:05:49,002 - Using logger class org.apache.velocity.runtime.log.SimpleLog4JLogSystem
2020-01-15 15:05:49,013 - Default ResourceManager initializing. (class org.apache.velocity.runtime.resource.ResourceManagerImpl)
2020-01-15 15:05:49,026 - Resource Loader Instantiated: org.apache.velocity.runtime.resource.loader.ClasspathResourceLoader
2020-01-15 15:05:49,027 - ClasspathResourceLoader : initialization starting.
2020-01-15 15:05:49,027 - ClasspathResourceLoader : initialization complete.
2020-01-15 15:05:49,032 - ResourceCache : initialized. (class org.apache.velocity.runtime.resource.ResourceCacheImpl)
2020-01-15 15:05:49,033 - Default ResourceManager initialization complete.
2020-01-15 15:05:49,046 - Loaded System Directive: org.apache.velocity.runtime.directive.Literal
2020-01-15 15:05:49,057 - Loaded System Directive: org.apache.velocity.runtime.directive.Macro
2020-01-15 15:05:49,072 - Loaded System Directive: org.apache.velocity.runtime.directive.Parse
2020-01-15 15:05:49,082 - Loaded System Directive: org.apache.velocity.runtime.directive.Include
2020-01-15 15:05:49,086 - Loaded System Directive: org.apache.velocity.runtime.directive.Foreach
2020-01-15 15:05:49,158 - Created: 20 parsers.
2020-01-15 15:05:49,188 - Velocimacro : initialization starting.
2020-01-15 15:05:49,188 - Velocimacro : adding VMs from VM library template : VM_global_library.vm
2020-01-15 15:05:49,219 - ResourceManager : unable to find resource 'VM_global_library.vm' in any resource loader.
2020-01-15 15:05:49,219 - Velocimacro : error using  VM library template VM_global_library.vm : org.apache.velocity.exception.ResourceNotFoundException: Unable to find resource 'VM_global_library.vm'
2020-01-15 15:05:49,219 - Velocimacro :  VM library template macro registration complete.
2020-01-15 15:05:49,219 - Velocimacro : allowInline = true : VMs can be defined inline in templates
2020-01-15 15:05:49,219 - Velocimacro : allowInlineToOverride = false : VMs defined inline may NOT replace previous VM definitions
2020-01-15 15:05:49,219 - Velocimacro : allowInlineLocal = false : VMs defined inline will be  global in scope if allowed.
2020-01-15 15:05:49,219 - Velocimacro : messages on  : VM system will output logging messages
2020-01-15 15:05:49,219 - Velocimacro : autoload off  : VM system will not automatically reload global library macros
2020-01-15 15:05:49,219 - Velocimacro : initialization complete.
2020-01-15 15:05:49,219 - Velocity successfully started.
2020-01-15 15:39:46,730 - SimpleLog4JLogSystem initialized using logfile 'velocity.log'
2020-01-15 15:39:46,730 - ************************************************************** 
2020-01-15 15:39:46,731 - Starting Jakarta Velocity v1.4
2020-01-15 15:39:46,731 - RuntimeInstance initializing.
2020-01-15 15:39:46,731 - Default Properties File: org\apache\velocity\runtime\defaults\velocity.properties
2020-01-15 15:39:46,731 - Trying to use logger class org.apache.velocity.runtime.log.SimpleLog4JLogSystem
2020-01-15 15:39:46,731 - Using logger class org.apache.velocity.runtime.log.SimpleLog4JLogSystem
2020-01-15 15:39:46,741 - Default ResourceManager initializing. (class org.apache.velocity.runtime.resource.ResourceManagerImpl)
2020-01-15 15:39:46,758 - Resource Loader Instantiated: org.apache.velocity.runtime.resource.loader.ClasspathResourceLoader
2020-01-15 15:39:46,759 - ClasspathResourceLoader : initialization starting.
2020-01-15 15:39:46,759 - ClasspathResourceLoader : initialization complete.
2020-01-15 15:39:46,769 - ResourceCache : initialized. (class org.apache.velocity.runtime.resource.ResourceCacheImpl)
2020-01-15 15:39:46,769 - Default ResourceManager initialization complete.
2020-01-15 15:39:46,780 - Loaded System Directive: org.apache.velocity.runtime.directive.Literal
2020-01-15 15:39:46,793 - Loaded System Directive: org.apache.velocity.runtime.directive.Macro
2020-01-15 15:39:46,808 - Loaded System Directive: org.apache.velocity.runtime.directive.Parse
2020-01-15 15:39:46,818 - Loaded System Directive: org.apache.velocity.runtime.directive.Include
2020-01-15 15:39:46,822 - Loaded System Directive: org.apache.velocity.runtime.directive.Foreach
2020-01-15 15:39:46,901 - Created: 20 parsers.
2020-01-15 15:39:46,938 - Velocimacro : initialization starting.
2020-01-15 15:39:46,938 - Velocimacro : adding VMs from VM library template : VM_global_library.vm
2020-01-15 15:39:46,969 - ResourceManager : unable to find resource 'VM_global_library.vm' in any resource loader.
2020-01-15 15:39:46,969 - Velocimacro : error using  VM library template VM_global_library.vm : org.apache.velocity.exception.ResourceNotFoundException: Unable to find resource 'VM_global_library.vm'
2020-01-15 15:39:46,970 - Velocimacro :  VM library template macro registration complete.
2020-01-15 15:39:46,970 - Velocimacro : allowInline = true : VMs can be defined inline in templates
2020-01-15 15:39:46,970 - Velocimacro : allowInlineToOverride = false : VMs defined inline may NOT replace previous VM definitions
2020-01-15 15:39:46,970 - Velocimacro : allowInlineLocal = false : VMs defined inline will be  global in scope if allowed.
2020-01-15 15:39:46,970 - Velocimacro : messages on  : VM system will output logging messages
2020-01-15 15:39:46,970 - Velocimacro : autoload off  : VM system will not automatically reload global library macros
2020-01-15 15:39:46,970 - Velocimacro : initialization complete.
2020-01-15 15:39:46,970 - Velocity successfully started.
2020-01-15 15:41:43,889 - SimpleLog4JLogSystem initialized using logfile 'velocity.log'
2020-01-15 15:41:43,890 - ************************************************************** 
2020-01-15 15:41:43,890 - Starting Jakarta Velocity v1.4
2020-01-15 15:41:43,890 - RuntimeInstance initializing.
2020-01-15 15:41:43,890 - Default Properties File: org\apache\velocity\runtime\defaults\velocity.properties
2020-01-15 15:41:43,890 - Trying to use logger class org.apache.velocity.runtime.log.SimpleLog4JLogSystem
2020-01-15 15:41:43,890 - Using logger class org.apache.velocity.runtime.log.SimpleLog4JLogSystem
2020-01-15 15:41:43,901 - Default ResourceManager initializing. (class org.apache.velocity.runtime.resource.ResourceManagerImpl)
2020-01-15 15:41:44,016 - Resource Loader Instantiated: org.apache.velocity.runtime.resource.loader.ClasspathResourceLoader
2020-01-15 15:41:44,017 - ClasspathResourceLoader : initialization starting.
2020-01-15 15:41:44,017 - ClasspathResourceLoader : initialization complete.
2020-01-15 15:41:44,047 - ResourceCache : initialized. (class org.apache.velocity.runtime.resource.ResourceCacheImpl)
2020-01-15 15:41:44,047 - Default ResourceManager initialization complete.
2020-01-15 15:41:44,070 - Loaded System Directive: org.apache.velocity.runtime.directive.Literal
2020-01-15 15:41:44,082 - Loaded System Directive: org.apache.velocity.runtime.directive.Macro
2020-01-15 15:41:44,104 - Loaded System Directive: org.apache.velocity.runtime.directive.Parse
2020-01-15 15:41:44,114 - Loaded System Directive: org.apache.velocity.runtime.directive.Include
2020-01-15 15:41:44,234 - Loaded System Directive: org.apache.velocity.runtime.directive.Foreach
2020-01-15 15:41:44,368 - Created: 20 parsers.
2020-01-15 15:41:44,410 - Velocimacro : initialization starting.
2020-01-15 15:41:44,410 - Velocimacro : adding VMs from VM library template : VM_global_library.vm
2020-01-15 15:41:44,513 - ResourceManager : unable to find resource 'VM_global_library.vm' in any resource loader.
2020-01-15 15:41:44,514 - Velocimacro : error using  VM library template VM_global_library.vm : org.apache.velocity.exception.ResourceNotFoundException: Unable to find resource 'VM_global_library.vm'
2020-01-15 15:41:44,514 - Velocimacro :  VM library template macro registration complete.
2020-01-15 15:41:44,514 - Velocimacro : allowInline = true : VMs can be defined inline in templates
2020-01-15 15:41:44,514 - Velocimacro : allowInlineToOverride = false : VMs defined inline may NOT replace previous VM definitions
2020-01-15 15:41:44,515 - Velocimacro : allowInlineLocal = false : VMs defined inline will be  global in scope if allowed.
2020-01-15 15:41:44,515 - Velocimacro : messages on  : VM system will output logging messages
2020-01-15 15:41:44,515 - Velocimacro : autoload off  : VM system will not automatically reload global library macros
2020-01-15 15:41:44,515 - Velocimacro : initialization complete.
2020-01-15 15:41:44,515 - Velocity successfully started.
2020-01-15 15:48:04,582 - SimpleLog4JLogSystem initialized using logfile 'velocity.log'
2020-01-15 15:48:04,583 - ************************************************************** 
2020-01-15 15:48:04,583 - Starting Jakarta Velocity v1.4
2020-01-15 15:48:04,583 - RuntimeInstance initializing.
2020-01-15 15:48:04,583 - Default Properties File: org\apache\velocity\runtime\defaults\velocity.properties
2020-01-15 15:48:04,583 - Trying to use logger class org.apache.velocity.runtime.log.SimpleLog4JLogSystem
2020-01-15 15:48:04,583 - Using logger class org.apache.velocity.runtime.log.SimpleLog4JLogSystem
2020-01-15 15:48:04,594 - Default ResourceManager initializing. (class org.apache.velocity.runtime.resource.ResourceManagerImpl)
2020-01-15 15:48:04,607 - Resource Loader Instantiated: org.apache.velocity.runtime.resource.loader.ClasspathResourceLoader
2020-01-15 15:48:04,608 - ClasspathResourceLoader : initialization starting.
2020-01-15 15:48:04,608 - ClasspathResourceLoader : initialization complete.
2020-01-15 15:48:04,615 - ResourceCache : initialized. (class org.apache.velocity.runtime.resource.ResourceCacheImpl)
2020-01-15 15:48:04,615 - Default ResourceManager initialization complete.
2020-01-15 15:48:04,633 - Loaded System Directive: org.apache.velocity.runtime.directive.Literal
2020-01-15 15:48:04,640 - Loaded System Directive: org.apache.velocity.runtime.directive.Macro
2020-01-15 15:48:04,654 - Loaded System Directive: org.apache.velocity.runtime.directive.Parse
2020-01-15 15:48:04,669 - Loaded System Directive: org.apache.velocity.runtime.directive.Include
2020-01-15 15:48:04,673 - Loaded System Directive: org.apache.velocity.runtime.directive.Foreach
2020-01-15 15:48:04,751 - Created: 20 parsers.
2020-01-15 15:48:04,788 - Velocimacro : initialization starting.
2020-01-15 15:48:04,788 - Velocimacro : adding VMs from VM library template : VM_global_library.vm
2020-01-15 15:48:04,822 - ResourceManager : unable to find resource 'VM_global_library.vm' in any resource loader.
2020-01-15 15:48:04,822 - Velocimacro : error using  VM library template VM_global_library.vm : org.apache.velocity.exception.ResourceNotFoundException: Unable to find resource 'VM_global_library.vm'
2020-01-15 15:48:04,822 - Velocimacro :  VM library template macro registration complete.
2020-01-15 15:48:04,823 - Velocimacro : allowInline = true : VMs can be defined inline in templates
2020-01-15 15:48:04,823 - Velocimacro : allowInlineToOverride = false : VMs defined inline may NOT replace previous VM definitions
2020-01-15 15:48:04,823 - Velocimacro : allowInlineLocal = false : VMs defined inline will be  global in scope if allowed.
2020-01-15 15:48:04,823 - Velocimacro : messages on  : VM system will output logging messages
2020-01-15 15:48:04,823 - Velocimacro : autoload off  : VM system will not automatically reload global library macros
2020-01-15 15:48:04,823 - Velocimacro : initialization complete.
2020-01-15 15:48:04,823 - Velocity successfully started.
2020-01-15 15:49:02,263 - SimpleLog4JLogSystem initialized using logfile 'velocity.log'
2020-01-15 15:49:02,264 - ************************************************************** 
2020-01-15 15:49:02,264 - Starting Jakarta Velocity v1.4
2020-01-15 15:49:02,264 - RuntimeInstance initializing.
2020-01-15 15:49:02,264 - Default Properties File: org\apache\velocity\runtime\defaults\velocity.properties
2020-01-15 15:49:02,264 - Trying to use logger class org.apache.velocity.runtime.log.SimpleLog4JLogSystem
2020-01-15 15:49:02,264 - Using logger class org.apache.velocity.runtime.log.SimpleLog4JLogSystem
2020-01-15 15:49:02,277 - Default ResourceManager initializing. (class org.apache.velocity.runtime.resource.ResourceManagerImpl)
2020-01-15 15:49:02,309 - Resource Loader Instantiated: org.apache.velocity.runtime.resource.loader.ClasspathResourceLoader
2020-01-15 15:49:02,309 - ClasspathResourceLoader : initialization starting.
2020-01-15 15:49:02,310 - ClasspathResourceLoader : initialization complete.
2020-01-15 15:49:02,324 - ResourceCache : initialized. (class org.apache.velocity.runtime.resource.ResourceCacheImpl)
2020-01-15 15:49:02,324 - Default ResourceManager initialization complete.
2020-01-15 15:49:02,344 - Loaded System Directive: org.apache.velocity.runtime.directive.Literal
2020-01-15 15:49:02,360 - Loaded System Directive: org.apache.velocity.runtime.directive.Macro
2020-01-15 15:49:02,376 - Loaded System Directive: org.apache.velocity.runtime.directive.Parse
2020-01-15 15:49:02,387 - Loaded System Directive: org.apache.velocity.runtime.directive.Include
2020-01-15 15:49:02,391 - Loaded System Directive: org.apache.velocity.runtime.directive.Foreach
2020-01-15 15:49:02,487 - Created: 20 parsers.
2020-01-15 15:49:02,538 - Velocimacro : initialization starting.
2020-01-15 15:49:02,538 - Velocimacro : adding VMs from VM library template : VM_global_library.vm
2020-01-15 15:49:02,578 - ResourceManager : unable to find resource 'VM_global_library.vm' in any resource loader.
2020-01-15 15:49:02,578 - Velocimacro : error using  VM library template VM_global_library.vm : org.apache.velocity.exception.ResourceNotFoundException: Unable to find resource 'VM_global_library.vm'
2020-01-15 15:49:02,578 - Velocimacro :  VM library template macro registration complete.
2020-01-15 15:49:02,578 - Velocimacro : allowInline = true : VMs can be defined inline in templates
2020-01-15 15:49:02,578 - Velocimacro : allowInlineToOverride = false : VMs defined inline may NOT replace previous VM definitions
2020-01-15 15:49:02,578 - Velocimacro : allowInlineLocal = false : VMs defined inline will be  global in scope if allowed.
2020-01-15 15:49:02,578 - Velocimacro : messages on  : VM system will output logging messages
2020-01-15 15:49:02,578 - Velocimacro : autoload off  : VM system will not automatically reload global library macros
2020-01-15 15:49:02,578 - Velocimacro : initialization complete.
2020-01-15 15:49:02,578 - Velocity successfully started.
2020-01-15 15:54:05,401 - SimpleLog4JLogSystem initialized using logfile 'velocity.log'
2020-01-15 15:54:05,402 - ************************************************************** 
2020-01-15 15:54:05,402 - Starting Jakarta Velocity v1.4
2020-01-15 15:54:05,402 - RuntimeInstance initializing.
2020-01-15 15:54:05,402 - Default Properties File: org\apache\velocity\runtime\defaults\velocity.properties
2020-01-15 15:54:05,402 - Trying to use logger class org.apache.velocity.runtime.log.SimpleLog4JLogSystem
2020-01-15 15:54:05,402 - Using logger class org.apache.velocity.runtime.log.SimpleLog4JLogSystem
2020-01-15 15:54:05,413 - Default ResourceManager initializing. (class org.apache.velocity.runtime.resource.ResourceManagerImpl)
2020-01-15 15:54:05,422 - Resource Loader Instantiated: org.apache.velocity.runtime.resource.loader.ClasspathResourceLoader
2020-01-15 15:54:05,422 - ClasspathResourceLoader : initialization starting.
2020-01-15 15:54:05,422 - ClasspathResourceLoader : initialization complete.
2020-01-15 15:54:05,429 - ResourceCache : initialized. (class org.apache.velocity.runtime.resource.ResourceCacheImpl)
2020-01-15 15:54:05,429 - Default ResourceManager initialization complete.
2020-01-15 15:54:05,439 - Loaded System Directive: org.apache.velocity.runtime.directive.Literal
2020-01-15 15:54:05,445 - Loaded System Directive: org.apache.velocity.runtime.directive.Macro
2020-01-15 15:54:05,453 - Loaded System Directive: org.apache.velocity.runtime.directive.Parse
2020-01-15 15:54:05,461 - Loaded System Directive: org.apache.velocity.runtime.directive.Include
2020-01-15 15:54:05,466 - Loaded System Directive: org.apache.velocity.runtime.directive.Foreach
2020-01-15 15:54:05,527 - Created: 20 parsers.
2020-01-15 15:54:05,551 - Velocimacro : initialization starting.
2020-01-15 15:54:05,551 - Velocimacro : adding VMs from VM library template : VM_global_library.vm
2020-01-15 15:54:05,580 - ResourceManager : unable to find resource 'VM_global_library.vm' in any resource loader.
2020-01-15 15:54:05,580 - Velocimacro : error using  VM library template VM_global_library.vm : org.apache.velocity.exception.ResourceNotFoundException: Unable to find resource 'VM_global_library.vm'
2020-01-15 15:54:05,580 - Velocimacro :  VM library template macro registration complete.
2020-01-15 15:54:05,581 - Velocimacro : allowInline = true : VMs can be defined inline in templates
2020-01-15 15:54:05,581 - Velocimacro : allowInlineToOverride = false : VMs defined inline may NOT replace previous VM definitions
2020-01-15 15:54:05,581 - Velocimacro : allowInlineLocal = false : VMs defined inline will be  global in scope if allowed.
2020-01-15 15:54:05,581 - Velocimacro : messages on  : VM system will output logging messages
2020-01-15 15:54:05,581 - Velocimacro : autoload off  : VM system will not automatically reload global library macros
2020-01-15 15:54:05,581 - Velocimacro : initialization complete.
2020-01-15 15:54:05,581 - Velocity successfully started.
